 Volume in drive C is Windows
 Volume Serial Number is 84CC-0227

 Directory of C:\Users\evili_000\Documents\Emojikara\Assets\Resources\Emoji

11/20/2015  11:28 PM             1,250 0023-20E3.png
11/20/2015  11:28 PM             1,169 0030-20E3.png
11/20/2015  11:28 PM               648 0031-20E3.png
11/20/2015  11:28 PM             1,105 0032-20E3.png
11/20/2015  11:28 PM             1,274 0033-20E3.png
11/20/2015  11:28 PM               891 0034-20E3.png
11/20/2015  11:28 PM             1,208 0035-20E3.png
11/20/2015  11:28 PM             1,325 0036-20E3.png
11/20/2015  11:28 PM               873 0037-20E3.png
11/20/2015  11:28 PM             1,266 0038-20E3.png
11/20/2015  11:28 PM             1,267 0039-20E3.png
11/20/2015  11:28 PM             1,702 00A9.png
11/20/2015  11:28 PM             1,573 00AE.png
11/20/2015  11:28 PM             1,211 1F004.png
11/20/2015  11:28 PM             1,806 1F0CF.png
11/20/2015  11:28 PM             1,202 1F170.png
11/20/2015  11:28 PM             1,019 1F171.png
11/20/2015  11:28 PM             1,345 1F17E.png
11/20/2015  11:28 PM               869 1F17F.png
11/20/2015  11:28 PM             1,419 1F18E.png
11/20/2015  11:28 PM             1,304 1F191.png
11/20/2015  11:28 PM             1,443 1F192.png
11/20/2015  11:28 PM             1,078 1F193.png
11/20/2015  11:28 PM             1,167 1F194.png
11/20/2015  11:28 PM             1,431 1F195.png
11/20/2015  11:28 PM             1,462 1F196.png
11/20/2015  11:28 PM             1,609 1F197.png
11/20/2015  11:28 PM             1,637 1F198.png
11/20/2015  11:28 PM             1,292 1F199.png
11/20/2015  11:28 PM             1,560 1F19A.png
11/20/2015  11:28 PM             2,279 1F1E6-1F1E8.png
11/20/2015  11:28 PM             1,341 1F1E6-1F1E9.png
11/20/2015  11:28 PM               442 1F1E6-1F1EA.png
11/20/2015  11:28 PM             1,486 1F1E6-1F1EB.png
11/20/2015  11:28 PM             1,449 1F1E6-1F1EC.png
11/20/2015  11:28 PM             1,901 1F1E6-1F1EE.png
11/20/2015  11:28 PM             1,505 1F1E6-1F1F1.png
11/20/2015  11:28 PM               399 1F1E6-1F1F2.png
11/20/2015  11:28 PM             1,375 1F1E6-1F1F4.png
11/20/2015  11:28 PM               863 1F1E6-1F1F7.png
11/20/2015  11:28 PM               294 1F1E6-1F1F9.png
11/20/2015  11:28 PM             1,730 1F1E6-1F1FA.png
11/20/2015  11:28 PM               597 1F1E6-1F1FC.png
11/20/2015  11:28 PM               777 1F1E6-1F1FF.png
11/20/2015  11:28 PM             1,530 1F1E7-1F1E6.png
11/20/2015  11:28 PM               728 1F1E7-1F1E7.png
11/20/2015  11:28 PM               708 1F1E7-1F1E9.png
11/20/2015  11:28 PM               361 1F1E7-1F1EA.png
11/20/2015  11:28 PM               782 1F1E7-1F1EB.png
11/20/2015  11:28 PM               407 1F1E7-1F1EC.png
11/20/2015  11:28 PM               792 1F1E7-1F1ED.png
11/20/2015  11:28 PM             1,979 1F1E7-1F1EE.png
11/20/2015  11:28 PM               531 1F1E7-1F1EF.png
11/20/2015  11:28 PM             2,186 1F1E7-1F1F2.png
11/20/2015  11:28 PM             2,422 1F1E7-1F1F3.png
11/20/2015  11:28 PM               950 1F1E7-1F1F4.png
11/20/2015  11:28 PM             1,649 1F1E7-1F1F7.png
11/20/2015  11:28 PM               802 1F1E7-1F1F8.png
11/20/2015  11:28 PM             2,702 1F1E7-1F1F9.png
11/20/2015  11:28 PM               303 1F1E7-1F1FC.png
11/20/2015  11:28 PM             1,709 1F1E7-1F1FE.png
11/20/2015  11:28 PM             2,138 1F1E7-1F1FF.png
11/20/2015  11:28 PM               747 1F1E8-1F1E6.png
11/20/2015  11:28 PM             1,915 1F1E8-1F1E9.png
11/20/2015  11:28 PM               611 1F1E8-1F1EB.png
11/20/2015  11:28 PM             1,149 1F1E8-1F1EC.png
11/20/2015  11:28 PM               468 1F1E8-1F1ED.png
11/20/2015  11:28 PM               361 1F1E8-1F1EE.png
11/20/2015  11:28 PM               691 1F1E8-1F1F1.png
11/20/2015  11:28 PM               619 1F1E8-1F1F2.png
11/20/2015  11:28 PM               697 1F1E8-1F1F3.png
11/20/2015  11:28 PM               405 1F1E8-1F1F4.png
11/20/2015  11:28 PM               298 1F1E8-1F1F7.png
11/20/2015  11:28 PM             1,074 1F1E8-1F1FA.png
11/20/2015  11:28 PM               959 1F1E8-1F1FB.png
11/20/2015  11:28 PM             1,183 1F1E8-1F1FE.png
11/20/2015  11:28 PM               889 1F1E8-1F1FF.png
11/20/2015  11:28 PM               407 1F1E9-1F1EA.png
11/20/2015  11:28 PM             1,155 1F1E9-1F1EF.png
11/20/2015  11:28 PM               310 1F1E9-1F1F0.png
11/20/2015  11:28 PM             1,481 1F1E9-1F1F2.png
11/20/2015  11:28 PM               927 1F1E9-1F1F4.png
11/20/2015  11:28 PM             1,052 1F1E9-1F1FF.png
11/20/2015  11:28 PM             1,587 1F1EA-1F1E8.png
11/20/2015  11:28 PM               407 1F1EA-1F1EA.png
11/20/2015  11:28 PM               843 1F1EA-1F1EC.png
11/20/2015  11:28 PM             1,068 1F1EA-1F1ED.png
11/20/2015  11:28 PM             1,973 1F1EA-1F1F7.png
11/20/2015  11:28 PM             1,197 1F1EA-1F1F8.png
11/20/2015  11:28 PM             1,280 1F1EA-1F1F9.png
11/20/2015  11:28 PM               312 1F1EB-1F1EE.png
11/20/2015  11:28 PM             2,293 1F1EB-1F1EF.png
11/20/2015  11:28 PM             2,245 1F1EB-1F1F0.png
11/20/2015  11:28 PM               744 1F1EB-1F1F2.png
11/20/2015  11:28 PM               328 1F1EB-1F1F4.png
11/20/2015  11:28 PM               432 1F1EB-1F1F7.png
11/20/2015  11:28 PM               407 1F1EC-1F1E6.png
11/20/2015  11:28 PM             2,050 1F1EC-1F1E7.png
11/20/2015  11:28 PM             1,441 1F1EC-1F1E9.png
11/20/2015  11:28 PM               876 1F1EC-1F1EA.png
11/20/2015  11:28 PM               639 1F1EC-1F1ED.png
11/20/2015  11:28 PM             2,223 1F1EC-1F1EE.png
11/20/2015  11:28 PM               818 1F1EC-1F1F1.png
11/20/2015  11:28 PM               419 1F1EC-1F1F2.png
11/20/2015  11:28 PM               363 1F1EC-1F1F3.png
11/20/2015  11:28 PM             1,239 1F1EC-1F1F6.png
11/20/2015  11:28 PM               363 1F1EC-1F1F7.png
11/20/2015  11:28 PM             1,365 1F1EC-1F1F9.png
11/20/2015  11:28 PM             1,531 1F1EC-1F1FA.png
11/20/2015  11:28 PM               719 1F1EC-1F1FC.png
11/20/2015  11:28 PM             1,323 1F1EC-1F1FE.png
11/20/2015  11:28 PM             1,191 1F1ED-1F1F0.png
11/20/2015  11:28 PM               699 1F1ED-1F1F3.png
11/20/2015  11:28 PM             1,615 1F1ED-1F1F7.png
11/20/2015  11:28 PM             1,721 1F1ED-1F1F9.png
11/20/2015  11:28 PM               407 1F1ED-1F1FA.png
11/20/2015  11:28 PM               400 1F1EE-1F1E9.png
11/20/2015  11:28 PM               359 1F1EE-1F1EA.png
11/20/2015  11:28 PM               714 1F1EE-1F1F1.png
11/20/2015  11:28 PM               954 1F1EE-1F1F3.png
11/20/2015  11:28 PM               993 1F1EE-1F1F6.png
11/20/2015  11:28 PM               874 1F1EE-1F1F7.png
11/20/2015  11:28 PM               328 1F1EE-1F1F8.png
11/20/2015  11:28 PM               367 1F1EE-1F1F9.png
11/20/2015  11:28 PM             1,983 1F1EF-1F1EA.png
11/20/2015  11:28 PM             1,727 1F1EF-1F1F2.png
11/20/2015  11:28 PM             1,156 1F1EF-1F1F4.png
11/20/2015  11:28 PM               598 1F1EF-1F1F5.png
11/20/2015  11:28 PM             1,520 1F1F0-1F1EA.png
11/20/2015  11:28 PM             1,345 1F1F0-1F1EC.png
11/20/2015  11:28 PM             1,240 1F1F0-1F1ED.png
11/20/2015  11:28 PM             2,452 1F1F0-1F1EE.png
11/20/2015  11:28 PM             1,416 1F1F0-1F1F2.png
11/20/2015  11:28 PM             2,065 1F1F0-1F1F3.png
11/20/2015  11:28 PM               856 1F1F0-1F1F5.png
11/20/2015  11:28 PM             1,235 1F1F0-1F1F7.png
11/20/2015  11:28 PM               755 1F1F0-1F1FC.png
11/20/2015  11:28 PM             2,335 1F1F0-1F1FE.png
11/20/2015  11:28 PM             1,738 1F1F0-1F1FF.png
11/20/2015  11:28 PM               601 1F1F1-1F1E6.png
11/20/2015  11:28 PM               847 1F1F1-1F1E7.png
11/20/2015  11:28 PM               961 1F1F1-1F1E8.png
11/20/2015  11:28 PM             1,054 1F1F1-1F1EE.png
11/20/2015  11:28 PM             1,702 1F1F1-1F1F0.png
11/20/2015  11:28 PM               825 1F1F1-1F1F7.png
11/20/2015  11:28 PM               869 1F1F1-1F1F8.png
11/20/2015  11:28 PM               407 1F1F1-1F1F9.png
11/20/2015  11:28 PM               407 1F1F1-1F1FA.png
11/20/2015  11:28 PM               295 1F1F1-1F1FB.png
11/20/2015  11:28 PM               836 1F1F1-1F1FE.png
11/20/2015  11:28 PM               895 1F1F2-1F1E6.png
11/20/2015  11:28 PM               400 1F1F2-1F1E8.png
11/20/2015  11:28 PM             1,324 1F1F2-1F1E9.png
11/20/2015  11:28 PM             1,903 1F1F2-1F1EA.png
11/20/2015  11:28 PM               465 1F1F2-1F1EC.png
11/20/2015  11:28 PM             2,043 1F1F2-1F1ED.png
11/20/2015  11:28 PM             1,987 1F1F2-1F1F0.png
11/20/2015  11:28 PM               361 1F1F2-1F1F1.png
11/20/2015  11:28 PM             1,027 1F1F2-1F1F2.png
11/20/2015  11:28 PM               817 1F1F2-1F1F3.png
11/20/2015  11:28 PM             1,314 1F1F2-1F1F4.png
11/20/2015  11:28 PM               881 1F1F2-1F1F7.png
11/20/2015  11:28 PM             1,901 1F1F2-1F1F8.png
11/20/2015  11:28 PM               840 1F1F2-1F1F9.png
11/20/2015  11:28 PM               408 1F1F2-1F1FA.png
11/20/2015  11:28 PM               630 1F1F2-1F1FB.png
11/20/2015  11:28 PM               907 1F1F2-1F1FC.png
11/20/2015  11:28 PM             1,282 1F1F2-1F1FD.png
11/20/2015  11:28 PM               924 1F1F2-1F1FE.png
11/20/2015  11:28 PM             1,518 1F1F2-1F1FF.png
11/20/2015  11:28 PM             2,190 1F1F3-1F1E6.png
11/20/2015  11:28 PM             1,313 1F1F3-1F1E8.png
11/20/2015  11:28 PM               707 1F1F3-1F1EA.png
11/20/2015  11:28 PM               304 1F1F3-1F1EC.png
11/20/2015  11:28 PM               838 1F1F3-1F1EE.png
11/20/2015  11:28 PM               407 1F1F3-1F1F1.png
11/20/2015  11:28 PM               328 1F1F3-1F1F4.png
11/20/2015  11:28 PM             1,507 1F1F3-1F1F5.png
11/20/2015  11:28 PM               607 1F1F3-1F1F7.png
11/20/2015  11:28 PM             1,539 1F1F3-1F1FA.png
11/20/2015  11:28 PM             1,568 1F1F3-1F1FF.png
11/20/2015  11:28 PM               871 1F1F4-1F1F2.png
11/20/2015  11:28 PM               835 1F1F5-1F1E6.png
11/20/2015  11:28 PM               304 1F1F5-1F1EA.png
11/20/2015  11:28 PM               970 1F1F5-1F1EB.png
11/20/2015  11:28 PM             1,710 1F1F5-1F1EC.png
11/20/2015  11:28 PM             1,355 1F1F5-1F1ED.png
11/20/2015  11:28 PM               952 1F1F5-1F1F0.png
11/20/2015  11:28 PM               399 1F1F5-1F1F1.png
11/20/2015  11:28 PM             1,087 1F1F5-1F1F7.png
11/20/2015  11:28 PM               864 1F1F5-1F1F8.png
11/20/2015  11:28 PM             1,570 1F1F5-1F1F9.png
11/20/2015  11:28 PM               639 1F1F5-1F1FC.png
11/20/2015  11:28 PM             1,081 1F1F5-1F1FE.png
11/20/2015  11:28 PM               818 1F1F6-1F1E6.png
11/20/2015  11:28 PM               364 1F1F7-1F1F4.png
11/20/2015  11:28 PM             1,647 1F1F7-1F1F8.png
11/20/2015  11:28 PM               407 1F1F7-1F1FA.png
11/20/2015  11:28 PM             1,038 1F1F7-1F1FC.png
11/20/2015  11:28 PM             1,910 1F1F8-1F1E6.png
11/20/2015  11:28 PM             1,731 1F1F8-1F1E7.png
11/20/2015  11:28 PM             1,639 1F1F8-1F1E8.png
11/20/2015  11:28 PM               875 1F1F8-1F1E9.png
11/20/2015  11:28 PM               310 1F1F8-1F1EA.png
11/20/2015  11:28 PM               926 1F1F8-1F1EC.png
11/20/2015  11:28 PM             2,179 1F1F8-1F1ED.png
11/20/2015  11:28 PM               930 1F1F8-1F1EE.png
11/20/2015  11:28 PM             1,111 1F1F8-1F1F0.png
11/20/2015  11:28 PM               387 1F1F8-1F1F1.png
11/20/2015  11:28 PM             2,475 1F1F8-1F1F2.png
11/20/2015  11:28 PM               654 1F1F8-1F1F3.png
11/20/2015  11:28 PM               752 1F1F8-1F1F4.png
11/20/2015  11:28 PM               575 1F1F8-1F1F7.png
11/20/2015  11:28 PM             1,118 1F1F8-1F1F9.png
11/20/2015  11:28 PM               977 1F1F8-1F1FB.png
11/20/2015  11:28 PM               811 1F1F8-1F1FE.png
11/20/2015  11:28 PM             1,094 1F1F8-1F1FF.png
11/20/2015  11:28 PM               356 1F1F9-1F1E9.png
11/20/2015  11:28 PM               733 1F1F9-1F1EC.png
11/20/2015  11:28 PM               298 1F1F9-1F1ED.png
11/20/2015  11:28 PM               775 1F1F9-1F1EF.png
11/20/2015  11:28 PM             1,488 1F1F9-1F1F1.png
11/20/2015  11:28 PM             2,713 1F1F9-1F1F2.png
11/20/2015  11:28 PM             1,086 1F1F9-1F1F3.png
11/20/2015  11:28 PM               427 1F1F9-1F1F4.png
11/20/2015  11:28 PM               849 1F1F9-1F1F7.png
11/20/2015  11:28 PM             1,721 1F1F9-1F1F9.png
11/20/2015  11:28 PM             1,705 1F1F9-1F1FB.png
11/20/2015  11:28 PM               848 1F1F9-1F1FC.png
11/20/2015  11:28 PM             1,800 1F1F9-1F1FF.png
11/20/2015  11:28 PM               400 1F1FA-1F1E6.png
11/20/2015  11:28 PM               910 1F1FA-1F1EC.png
11/20/2015  11:28 PM             1,324 1F1FA-1F1F8.png
11/20/2015  11:28 PM             1,136 1F1FA-1F1FE.png
11/20/2015  11:28 PM               918 1F1FA-1F1FF.png
11/20/2015  11:28 PM             1,366 1F1FB-1F1E6.png
11/20/2015  11:28 PM               889 1F1FB-1F1E8.png
11/20/2015  11:28 PM               913 1F1FB-1F1EA.png
11/20/2015  11:28 PM             2,547 1F1FB-1F1EE.png
11/20/2015  11:28 PM               707 1F1FB-1F1F3.png
11/20/2015  11:28 PM             1,642 1F1FB-1F1FA.png
11/20/2015  11:28 PM               347 1F1FC-1F1EB.png
11/20/2015  11:28 PM               738 1F1FC-1F1F8.png
11/20/2015  11:28 PM             1,196 1F1FD-1F1F0.png
11/20/2015  11:28 PM               406 1F1FE-1F1EA.png
11/20/2015  11:28 PM             1,651 1F1FF-1F1E6.png
11/20/2015  11:28 PM               827 1F1FF-1F1F2.png
11/20/2015  11:28 PM             1,567 1F1FF-1F1FC.png
11/20/2015  11:28 PM               579 1F201.png
11/20/2015  11:28 PM               912 1F202.png
11/20/2015  11:28 PM             1,313 1F21A.png
11/20/2015  11:28 PM             1,393 1F22F.png
11/20/2015  11:28 PM             1,681 1F232.png
11/20/2015  11:28 PM             1,097 1F233.png
11/20/2015  11:28 PM             1,176 1F234.png
11/20/2015  11:28 PM             1,467 1F235.png
11/20/2015  11:28 PM             1,015 1F236.png
11/20/2015  11:28 PM               920 1F237.png
11/20/2015  11:28 PM               542 1F238.png
11/20/2015  11:28 PM               931 1F239.png
11/20/2015  11:28 PM               994 1F23A.png
11/20/2015  11:28 PM             2,036 1F250.png
11/20/2015  11:28 PM             1,301 1F251.png
11/20/2015  11:28 PM             1,579 1F300.png
11/20/2015  11:28 PM             2,847 1F301.png
11/20/2015  11:28 PM             1,594 1F302.png
11/20/2015  11:28 PM             1,875 1F303.png
11/20/2015  11:28 PM             2,567 1F304.png
11/20/2015  11:28 PM             3,151 1F305.png
11/20/2015  11:28 PM             2,691 1F306.png
11/20/2015  11:28 PM             2,120 1F307.png
11/20/2015  11:28 PM             3,007 1F308.png
11/20/2015  11:28 PM             2,941 1F309.png
11/20/2015  11:28 PM             2,317 1F30A.png
11/20/2015  11:28 PM             3,024 1F30B.png
11/20/2015  11:28 PM             3,185 1F30C.png
11/20/2015  11:28 PM             2,318 1F30D.png
11/20/2015  11:28 PM             2,427 1F30E.png
11/20/2015  11:28 PM             2,509 1F30F.png
11/20/2015  11:28 PM             2,519 1F310.png
11/20/2015  11:28 PM               918 1F311.png
11/20/2015  11:28 PM             1,951 1F312.png
11/20/2015  11:28 PM             1,820 1F313.png
11/20/2015  11:28 PM             1,974 1F314.png
11/20/2015  11:28 PM             1,371 1F315.png
11/20/2015  11:28 PM             2,036 1F316.png
11/20/2015  11:28 PM             1,829 1F317.png
11/20/2015  11:28 PM             1,939 1F318.png
11/20/2015  11:28 PM             1,233 1F319.png
11/20/2015  11:28 PM             2,518 1F31A.png
11/20/2015  11:28 PM             1,481 1F31B.png
11/20/2015  11:28 PM             1,684 1F31C.png
11/20/2015  11:28 PM             2,622 1F31D.png
11/20/2015  11:28 PM             2,002 1F31E.png
11/20/2015  11:28 PM             2,067 1F31F.png
11/20/2015  11:28 PM             2,550 1F320.png
11/20/2015  11:28 PM               834 1F321.png
11/20/2015  11:28 PM             1,663 1F327.png
11/20/2015  11:28 PM             2,930 1F328.png
11/20/2015  11:28 PM             1,056 1F329.png
11/20/2015  11:28 PM             2,131 1F32A.png
11/20/2015  11:28 PM             2,799 1F32B.png
11/20/2015  11:28 PM             3,192 1F32C.png
11/20/2015  11:28 PM             2,789 1F330.png
11/20/2015  11:28 PM             1,633 1F331.png
11/20/2015  11:28 PM             1,028 1F332.png
11/20/2015  11:28 PM             3,621 1F333.png
11/20/2015  11:28 PM             2,928 1F334.png
11/20/2015  11:28 PM             2,236 1F335.png
11/20/2015  11:28 PM             2,828 1F336.png
11/20/2015  11:28 PM             1,813 1F337.png
11/20/2015  11:28 PM             3,398 1F338.png
11/20/2015  11:28 PM             1,782 1F339.png
11/20/2015  11:28 PM             2,466 1F33A.png
11/20/2015  11:28 PM             3,259 1F33B.png
11/20/2015  11:28 PM             2,061 1F33C.png
11/20/2015  11:28 PM             2,872 1F33D.png
11/20/2015  11:28 PM             2,154 1F33E.png
11/20/2015  11:28 PM             2,437 1F33F.png
11/20/2015  11:28 PM             1,649 1F340.png
11/20/2015  11:28 PM             2,400 1F341.png
11/20/2015  11:28 PM             2,499 1F342.png
11/20/2015  11:28 PM             2,842 1F343.png
11/20/2015  11:28 PM             1,903 1F344.png
11/20/2015  11:28 PM             1,872 1F345.png
11/20/2015  11:28 PM             1,740 1F346.png
11/20/2015  11:28 PM             1,860 1F347.png
11/20/2015  11:28 PM             2,931 1F348.png
11/20/2015  11:28 PM             2,545 1F349.png
11/20/2015  11:28 PM             1,823 1F34A.png
11/20/2015  11:28 PM             1,776 1F34B.png
11/20/2015  11:28 PM             2,206 1F34C.png
11/20/2015  11:28 PM             3,199 1F34D.png
11/20/2015  11:28 PM             1,554 1F34E.png
11/20/2015  11:28 PM             1,436 1F34F.png
11/20/2015  11:28 PM             1,450 1F350.png
11/20/2015  11:28 PM             1,129 1F351.png
11/20/2015  11:28 PM             2,412 1F352.png
11/20/2015  11:28 PM             2,836 1F353.png
11/20/2015  11:28 PM             2,608 1F354.png
11/20/2015  11:28 PM             3,322 1F355.png
11/20/2015  11:28 PM             1,969 1F356.png
11/20/2015  11:28 PM             1,371 1F357.png
11/20/2015  11:28 PM             2,096 1F358.png
11/20/2015  11:28 PM             3,244 1F359.png
11/20/2015  11:28 PM             1,855 1F35A.png
11/20/2015  11:28 PM             2,805 1F35B.png
11/20/2015  11:28 PM             3,894 1F35C.png
11/20/2015  11:28 PM             3,191 1F35D.png
11/20/2015  11:28 PM             1,687 1F35E.png
11/20/2015  11:28 PM             3,028 1F35F.png
11/20/2015  11:28 PM             1,814 1F360.png
11/20/2015  11:28 PM             2,448 1F361.png
11/20/2015  11:28 PM             2,142 1F362.png
11/20/2015  11:28 PM             2,939 1F363.png
11/20/2015  11:28 PM             2,111 1F364.png
11/20/2015  11:28 PM             2,701 1F365.png
11/20/2015  11:28 PM             2,862 1F366.png
11/20/2015  11:28 PM             2,470 1F367.png
11/20/2015  11:28 PM             1,117 1F368.png
11/20/2015  11:28 PM             2,267 1F369.png
11/20/2015  11:28 PM             2,178 1F36A.png
11/20/2015  11:28 PM             2,073 1F36B.png
11/20/2015  11:28 PM             2,075 1F36C.png
11/20/2015  11:28 PM             2,409 1F36D.png
11/20/2015  11:28 PM             2,601 1F36E.png
11/20/2015  11:28 PM             2,425 1F36F.png
11/20/2015  11:28 PM             3,323 1F370.png
11/20/2015  11:28 PM             3,436 1F371.png
11/20/2015  11:28 PM             3,337 1F372.png
11/20/2015  11:28 PM             2,272 1F373.png
11/20/2015  11:28 PM             1,055 1F374.png
11/20/2015  11:28 PM             3,072 1F375.png
11/20/2015  11:28 PM             2,181 1F376.png
11/20/2015  11:28 PM             1,707 1F377.png
11/20/2015  11:28 PM             1,863 1F378.png
11/20/2015  11:28 PM             2,228 1F379.png
11/20/2015  11:28 PM             2,213 1F37A.png
11/20/2015  11:28 PM             3,398 1F37B.png
11/20/2015  11:28 PM             2,485 1F37C.png
11/20/2015  11:28 PM             2,552 1F37D.png
11/20/2015  11:28 PM             1,583 1F380.png
11/20/2015  11:28 PM             2,876 1F381.png
11/20/2015  11:28 PM             3,583 1F382.png
11/20/2015  11:28 PM             2,263 1F383.png
11/20/2015  11:28 PM             1,803 1F384.png
11/20/2015  11:28 PM             3,413 1F385.png
11/20/2015  11:28 PM             3,635 1F386.png
11/20/2015  11:28 PM             2,420 1F387.png
11/20/2015  11:28 PM             1,422 1F388.png
11/20/2015  11:28 PM             3,788 1F389.png
11/20/2015  11:28 PM             3,925 1F38A.png
11/20/2015  11:28 PM             1,995 1F38B.png
11/20/2015  11:28 PM             2,047 1F38C.png
11/20/2015  11:28 PM             1,306 1F38D.png
11/20/2015  11:28 PM             3,118 1F38E.png
11/20/2015  11:28 PM             1,769 1F38F.png
11/20/2015  11:28 PM             1,581 1F390.png
11/20/2015  11:28 PM             2,537 1F391.png
11/20/2015  11:28 PM               918 1F392.png
11/20/2015  11:28 PM             2,038 1F393.png
11/20/2015  11:28 PM             1,318 1F394.png
11/20/2015  11:28 PM             3,171 1F395.png
11/20/2015  11:28 PM             1,125 1F396.png
11/20/2015  11:28 PM             1,510 1F397.png
11/20/2015  11:28 PM             1,625 1F398.png
11/20/2015  11:28 PM             2,054 1F399.png
11/20/2015  11:28 PM               793 1F39A.png
11/20/2015  11:28 PM             2,691 1F39B.png
11/20/2015  11:28 PM             1,305 1F39C.png
11/20/2015  11:28 PM             1,277 1F39D.png
11/20/2015  11:28 PM             3,307 1F39E.png
11/20/2015  11:28 PM             3,790 1F39F.png
11/20/2015  11:28 PM             2,479 1F3A0.png
11/20/2015  11:28 PM             2,474 1F3A1.png
11/20/2015  11:28 PM             2,869 1F3A2.png
11/20/2015  11:28 PM             2,078 1F3A3.png
11/20/2015  11:28 PM             2,823 1F3A4.png
11/20/2015  11:28 PM             1,491 1F3A5.png
11/20/2015  11:28 PM             1,269 1F3A6.png
11/20/2015  11:28 PM             1,693 1F3A7.png
11/20/2015  11:28 PM             2,139 1F3A8.png
11/20/2015  11:28 PM             1,974 1F3A9.png
11/20/2015  11:28 PM             2,473 1F3AA.png
11/20/2015  11:28 PM               771 1F3AB.png
11/20/2015  11:28 PM             1,703 1F3AC.png
11/20/2015  11:28 PM             2,773 1F3AD.png
11/20/2015  11:28 PM             2,065 1F3AE.png
11/20/2015  11:28 PM             3,044 1F3AF.png
11/20/2015  11:28 PM             1,502 1F3B0.png
11/20/2015  11:28 PM             2,177 1F3B1.png
11/20/2015  11:28 PM             2,043 1F3B2.png
11/20/2015  11:28 PM             2,308 1F3B3.png
11/20/2015  11:28 PM             1,055 1F3B4.png
11/20/2015  11:28 PM             1,255 1F3B5.png
11/20/2015  11:28 PM             1,737 1F3B6.png
11/20/2015  11:28 PM             2,419 1F3B7.png
11/20/2015  11:28 PM             2,052 1F3B8.png
11/20/2015  11:28 PM               998 1F3B9.png
11/20/2015  11:28 PM             2,813 1F3BA.png
11/20/2015  11:28 PM             2,418 1F3BB.png
11/20/2015  11:28 PM               946 1F3BC.png
11/20/2015  11:28 PM             1,945 1F3BD.png
11/20/2015  11:28 PM             1,894 1F3BE.png
11/20/2015  11:28 PM             2,259 1F3BF.png
11/20/2015  11:28 PM             2,673 1F3C0.png
11/20/2015  11:28 PM             2,277 1F3C1.png
11/20/2015  11:28 PM             3,121 1F3C2.png
11/20/2015  11:28 PM             1,219 1F3C3.png
11/20/2015  11:28 PM             1,973 1F3C4.png
11/20/2015  11:28 PM             2,656 1F3C5.png
11/20/2015  11:28 PM             2,662 1F3C6.png
11/20/2015  11:28 PM             1,739 1F3C7.png
11/20/2015  11:28 PM             2,786 1F3C8.png
11/20/2015  11:28 PM             2,012 1F3C9.png
11/20/2015  11:28 PM             1,866 1F3CA.png
11/20/2015  11:28 PM             1,415 1F3CB.png
11/20/2015  11:28 PM             2,075 1F3CC.png
11/20/2015  11:28 PM             3,611 1F3CD.png
11/20/2015  11:28 PM             3,134 1F3CE.png
11/20/2015  11:28 PM             2,628 1F3D4.png
11/20/2015  11:28 PM             2,369 1F3D5.png
11/20/2015  11:28 PM             2,711 1F3D6.png
11/20/2015  11:28 PM             2,545 1F3D7.png
11/20/2015  11:28 PM             2,627 1F3D8.png
11/20/2015  11:28 PM             2,310 1F3D9.png
11/20/2015  11:28 PM             3,253 1F3DA.png
11/20/2015  11:28 PM             1,871 1F3DB.png
11/20/2015  11:28 PM             2,260 1F3DC.png
11/20/2015  11:28 PM             2,974 1F3DD.png
11/20/2015  11:28 PM             1,722 1F3DE.png
11/20/2015  11:28 PM             4,111 1F3DF.png
11/20/2015  11:28 PM             1,914 1F3E0.png
11/20/2015  11:28 PM             3,251 1F3E1.png
11/20/2015  11:28 PM               771 1F3E2.png
11/20/2015  11:28 PM               975 1F3E3.png
11/20/2015  11:28 PM             1,018 1F3E4.png
11/20/2015  11:28 PM               918 1F3E5.png
11/20/2015  11:28 PM             1,185 1F3E6.png
11/20/2015  11:28 PM             1,852 1F3E7.png
11/20/2015  11:28 PM               841 1F3E8.png
11/20/2015  11:28 PM             1,232 1F3E9.png
11/20/2015  11:28 PM             1,284 1F3EA.png
11/20/2015  11:28 PM             1,434 1F3EB.png
11/20/2015  11:28 PM             1,241 1F3EC.png
11/20/2015  11:28 PM             1,205 1F3ED.png
11/20/2015  11:28 PM             1,042 1F3EE.png
11/20/2015  11:28 PM               755 1F3EF.png
11/20/2015  11:28 PM               853 1F3F0.png
11/20/2015  11:28 PM             2,163 1F3F1.png
11/20/2015  11:28 PM             2,033 1F3F2.png
11/20/2015  11:28 PM             2,233 1F3F3.png
11/20/2015  11:28 PM             2,164 1F3F4.png
11/20/2015  11:28 PM             2,083 1F3F5.png
11/20/2015  11:28 PM             2,031 1F3F6.png
11/20/2015  11:28 PM             2,895 1F3F7.png
11/20/2015  11:28 PM             1,714 1F400.png
11/20/2015  11:28 PM             1,854 1F401.png
11/20/2015  11:28 PM             2,815 1F402.png
11/20/2015  11:28 PM             2,940 1F403.png
11/20/2015  11:28 PM             1,729 1F404.png
11/20/2015  11:28 PM             4,135 1F405.png
11/20/2015  11:28 PM             3,543 1F406.png
11/20/2015  11:28 PM             1,994 1F407.png
11/20/2015  11:28 PM             3,085 1F408.png
11/20/2015  11:28 PM             2,618 1F409.png
11/20/2015  11:28 PM             1,649 1F40A.png
11/20/2015  11:28 PM             2,399 1F40B.png
11/20/2015  11:28 PM             2,699 1F40C.png
11/20/2015  11:28 PM             2,461 1F40D.png
11/20/2015  11:28 PM             2,255 1F40E.png
11/20/2015  11:28 PM             2,292 1F40F.png
11/20/2015  11:28 PM             1,928 1F410.png
11/20/2015  11:28 PM             1,828 1F411.png
11/20/2015  11:28 PM             2,415 1F412.png
11/20/2015  11:28 PM             2,508 1F413.png
11/20/2015  11:28 PM             2,564 1F414.png
11/20/2015  11:28 PM             2,293 1F415.png
11/20/2015  11:28 PM             2,473 1F416.png
11/20/2015  11:28 PM             3,695 1F417.png
11/20/2015  11:28 PM             1,973 1F418.png
11/20/2015  11:28 PM             2,820 1F419.png
11/20/2015  11:28 PM             1,478 1F41A.png
11/20/2015  11:28 PM             2,515 1F41B.png
11/20/2015  11:28 PM             2,110 1F41C.png
11/20/2015  11:28 PM             2,243 1F41D.png
11/20/2015  11:28 PM             3,039 1F41E.png
11/20/2015  11:28 PM             2,403 1F41F.png
11/20/2015  11:28 PM             2,610 1F420.png
11/20/2015  11:28 PM             3,132 1F421.png
11/20/2015  11:28 PM             2,441 1F422.png
11/20/2015  11:28 PM             2,372 1F423.png
11/20/2015  11:28 PM             2,094 1F424.png
11/20/2015  11:28 PM             1,936 1F425.png
11/20/2015  11:28 PM             2,041 1F426.png
11/20/2015  11:28 PM             2,412 1F427.png
11/20/2015  11:28 PM             2,454 1F428.png
11/20/2015  11:28 PM             2,342 1F429.png
11/20/2015  11:28 PM             2,022 1F42A.png
11/20/2015  11:28 PM             2,025 1F42B.png
11/20/2015  11:28 PM             1,980 1F42C.png
11/20/2015  11:28 PM             2,384 1F42D.png
11/20/2015  11:28 PM             2,464 1F42E.png
11/20/2015  11:28 PM             4,005 1F42F.png
11/20/2015  11:28 PM             2,296 1F430.png
11/20/2015  11:28 PM             3,912 1F431.png
11/20/2015  11:28 PM             2,518 1F432.png
11/20/2015  11:28 PM             2,469 1F433.png
11/20/2015  11:28 PM             2,460 1F434.png
11/20/2015  11:28 PM             2,837 1F435.png
11/20/2015  11:28 PM             2,609 1F436.png
11/20/2015  11:28 PM             3,318 1F437.png
11/20/2015  11:28 PM             2,385 1F438.png
11/20/2015  11:28 PM             3,265 1F439.png
11/20/2015  11:28 PM             3,589 1F43A.png
11/20/2015  11:28 PM             2,747 1F43B.png
11/20/2015  11:28 PM             2,580 1F43C.png
11/20/2015  11:28 PM             1,546 1F43D.png
11/20/2015  11:28 PM             1,451 1F43E.png
11/20/2015  11:28 PM             3,872 1F43F.png
11/20/2015  11:28 PM             2,037 1F440.png
11/20/2015  11:28 PM             2,701 1F441.png
11/20/2015  11:28 PM             1,496 1F442.png
11/20/2015  11:28 PM             1,243 1F443.png
11/20/2015  11:28 PM             1,556 1F444.png
11/20/2015  11:28 PM             1,157 1F445.png
11/20/2015  11:28 PM             1,267 1F446.png
11/20/2015  11:28 PM             1,304 1F447.png
11/20/2015  11:28 PM               615 1F448.png
11/20/2015  11:28 PM             1,294 1F449.png
11/20/2015  11:28 PM             1,892 1F44A.png
11/20/2015  11:28 PM             2,210 1F44B.png
11/20/2015  11:28 PM             1,893 1F44C.png
11/20/2015  11:28 PM             1,714 1F44D.png
11/20/2015  11:28 PM             1,604 1F44E.png
11/20/2015  11:28 PM             2,203 1F44F.png
11/20/2015  11:28 PM             2,210 1F450.png
11/20/2015  11:28 PM             2,520 1F451.png
11/20/2015  11:28 PM             2,769 1F452.png
11/20/2015  11:28 PM             1,784 1F453.png
11/20/2015  11:28 PM             2,115 1F454.png
11/20/2015  11:28 PM             2,017 1F455.png
11/20/2015  11:28 PM             1,298 1F456.png
11/20/2015  11:28 PM             2,033 1F457.png
11/20/2015  11:28 PM             2,913 1F458.png
11/20/2015  11:28 PM             1,885 1F459.png
11/20/2015  11:28 PM             1,775 1F45A.png
11/20/2015  11:28 PM             1,678 1F45B.png
11/20/2015  11:28 PM             1,982 1F45C.png
11/20/2015  11:28 PM             1,593 1F45D.png
11/20/2015  11:28 PM             1,529 1F45E.png
11/20/2015  11:28 PM             1,369 1F45F.png
11/20/2015  11:28 PM             1,804 1F460.png
11/20/2015  11:28 PM             1,683 1F461.png
11/20/2015  11:28 PM             1,411 1F462.png
11/20/2015  11:28 PM             1,766 1F463.png
11/20/2015  11:28 PM               993 1F464.png
11/20/2015  11:28 PM             1,232 1F465.png
11/20/2015  11:28 PM             1,992 1F466.png
11/20/2015  11:28 PM             1,514 1F467.png
11/20/2015  11:28 PM             3,839 1F468-1F468-1F466-1F466.png
11/20/2015  11:28 PM             3,440 1F468-1F468-1F466.png
11/20/2015  11:28 PM             4,239 1F468-1F468-1F467-1F466.png
11/20/2015  11:28 PM             4,454 1F468-1F468-1F467-1F467.png
11/20/2015  11:28 PM             3,794 1F468-1F468-1F467.png
11/20/2015  11:28 PM             4,432 1F468-1F469-1F466-1F466.png
11/20/2015  11:28 PM             4,831 1F468-1F469-1F467-1F466.png
11/20/2015  11:28 PM             5,158 1F468-1F469-1F467-1F467.png
11/20/2015  11:28 PM             4,424 1F468-1F469-1F467.png
11/20/2015  11:28 PM             1,773 1F468-2764-1F468.png
11/20/2015  11:28 PM             1,604 1F468-2764-1F48B-1F468.png
11/20/2015  11:28 PM             1,303 1F468.png
11/20/2015  11:28 PM             4,760 1F469-1F469-1F466-1F466.png
11/20/2015  11:28 PM             4,524 1F469-1F469-1F466.png
11/20/2015  11:28 PM             5,200 1F469-1F469-1F467-1F466.png
11/20/2015  11:28 PM             5,472 1F469-1F469-1F467-1F467.png
11/20/2015  11:28 PM             4,932 1F469-1F469-1F467.png
11/20/2015  11:28 PM             4,267 1F469-2764-1F469.png
11/20/2015  11:28 PM             2,534 1F469-2764-1F48B-1F469.png
11/20/2015  11:28 PM             1,862 1F469.png
11/20/2015  11:28 PM             4,120 1F46A.png
11/20/2015  11:28 PM             2,209 1F46B.png
11/20/2015  11:28 PM             1,670 1F46C.png
11/20/2015  11:28 PM             2,395 1F46D.png
11/20/2015  11:28 PM             3,057 1F46E.png
11/20/2015  11:28 PM             2,855 1F46F.png
11/20/2015  11:28 PM             3,448 1F470.png
11/20/2015  11:28 PM             1,501 1F471.png
11/20/2015  11:28 PM             1,722 1F472.png
11/20/2015  11:28 PM             2,482 1F473.png
11/20/2015  11:28 PM             1,434 1F474.png
11/20/2015  11:28 PM             1,642 1F475.png
11/20/2015  11:28 PM             2,436 1F476.png
11/20/2015  11:28 PM             2,401 1F477.png
11/20/2015  11:28 PM             3,119 1F478.png
11/20/2015  11:28 PM             4,549 1F479.png
11/20/2015  11:28 PM             2,789 1F47A.png
11/20/2015  11:28 PM             1,827 1F47B.png
11/20/2015  11:28 PM             1,826 1F47C.png
11/20/2015  11:28 PM             2,500 1F47D.png
11/20/2015  11:28 PM               660 1F47E.png
11/20/2015  11:28 PM             2,467 1F47F.png
11/20/2015  11:28 PM             1,689 1F480.png
11/20/2015  11:28 PM             3,314 1F481.png
11/20/2015  11:28 PM             1,491 1F482.png
11/20/2015  11:28 PM             1,554 1F483.png
11/20/2015  11:28 PM               832 1F484.png
11/20/2015  11:28 PM             2,297 1F485.png
11/20/2015  11:28 PM             3,318 1F486.png
11/20/2015  11:28 PM             3,985 1F487.png
11/20/2015  11:28 PM             1,771 1F488.png
11/20/2015  11:28 PM             1,286 1F489.png
11/20/2015  11:28 PM             1,010 1F48A.png
11/20/2015  11:28 PM             1,692 1F48B.png
11/20/2015  11:28 PM             1,878 1F48C.png
11/20/2015  11:28 PM             2,902 1F48D.png
11/20/2015  11:28 PM             1,769 1F48E.png
11/20/2015  11:28 PM             3,350 1F48F.png
11/20/2015  11:28 PM             3,694 1F490.png
11/20/2015  11:28 PM             3,737 1F491.png
11/20/2015  11:28 PM             2,594 1F492.png
11/20/2015  11:28 PM             1,720 1F493.png
11/20/2015  11:28 PM             1,703 1F494.png
11/20/2015  11:28 PM             1,485 1F495.png
11/20/2015  11:28 PM             1,979 1F496.png
11/20/2015  11:28 PM             2,240 1F497.png
11/20/2015  11:28 PM             2,004 1F498.png
11/20/2015  11:28 PM             1,226 1F499.png
11/20/2015  11:28 PM             1,207 1F49A.png
11/20/2015  11:28 PM             1,218 1F49B.png
11/20/2015  11:28 PM             1,217 1F49C.png
11/20/2015  11:28 PM             2,059 1F49D.png
11/20/2015  11:28 PM             2,193 1F49E.png
11/20/2015  11:28 PM             1,072 1F49F.png
11/20/2015  11:28 PM             1,680 1F4A0.png
11/20/2015  11:28 PM             2,472 1F4A1.png
11/20/2015  11:28 PM             1,434 1F4A2.png
11/20/2015  11:28 PM             2,226 1F4A3.png
11/20/2015  11:28 PM             1,214 1F4A4.png
11/20/2015  11:28 PM             2,389 1F4A5.png
11/20/2015  11:28 PM             1,215 1F4A6.png
11/20/2015  11:28 PM             1,090 1F4A7.png
11/20/2015  11:28 PM             1,829 1F4A8.png
11/20/2015  11:28 PM             3,991 1F4A9.png
11/20/2015  11:28 PM             1,731 1F4AA.png
11/20/2015  11:28 PM             1,701 1F4AB.png
11/20/2015  11:28 PM             1,289 1F4AC.png
11/20/2015  11:28 PM             1,040 1F4AD.png
11/20/2015  11:28 PM             2,428 1F4AE.png
11/20/2015  11:28 PM             2,196 1F4AF.png
11/20/2015  11:28 PM             1,953 1F4B0.png
11/20/2015  11:28 PM             1,625 1F4B1.png
11/20/2015  11:28 PM             1,134 1F4B2.png
11/20/2015  11:28 PM               400 1F4B3.png
11/20/2015  11:28 PM             1,365 1F4B4.png
11/20/2015  11:28 PM             1,579 1F4B5.png
11/20/2015  11:28 PM             1,578 1F4B6.png
11/20/2015  11:28 PM             1,464 1F4B7.png
11/20/2015  11:28 PM             2,699 1F4B8.png
11/20/2015  11:28 PM             1,448 1F4B9.png
11/20/2015  11:28 PM             2,569 1F4BA.png
11/20/2015  11:28 PM             1,436 1F4BB.png
11/20/2015  11:28 PM             1,042 1F4BC.png
11/20/2015  11:28 PM             1,449 1F4BD.png
11/20/2015  11:28 PM               523 1F4BE.png
11/20/2015  11:28 PM             1,809 1F4BF.png
11/20/2015  11:28 PM             1,951 1F4C0.png
11/20/2015  11:28 PM             1,746 1F4C1.png
11/20/2015  11:28 PM             1,870 1F4C2.png
11/20/2015  11:28 PM             1,117 1F4C3.png
11/20/2015  11:28 PM               840 1F4C4.png
11/20/2015  11:28 PM             1,365 1F4C5.png
11/20/2015  11:28 PM             1,241 1F4C6.png
11/20/2015  11:28 PM             1,350 1F4C7.png
11/20/2015  11:28 PM             2,165 1F4C8.png
11/20/2015  11:28 PM             2,131 1F4C9.png
11/20/2015  11:28 PM             1,671 1F4CA.png
11/20/2015  11:28 PM             1,031 1F4CB.png
11/20/2015  11:28 PM             1,868 1F4CC.png
11/20/2015  11:28 PM             1,675 1F4CD.png
11/20/2015  11:28 PM             1,802 1F4CE.png
11/20/2015  11:28 PM             1,905 1F4CF.png
11/20/2015  11:28 PM               542 1F4D0.png
11/20/2015  11:28 PM             1,425 1F4D1.png
11/20/2015  11:28 PM             2,565 1F4D2.png
11/20/2015  11:28 PM             1,440 1F4D3.png
11/20/2015  11:28 PM             1,571 1F4D4.png
11/20/2015  11:28 PM             1,578 1F4D5.png
11/20/2015  11:28 PM             1,152 1F4D6.png
11/20/2015  11:28 PM             1,638 1F4D7.png
11/20/2015  11:28 PM             1,603 1F4D8.png
11/20/2015  11:28 PM             1,602 1F4D9.png
11/20/2015  11:28 PM             2,505 1F4DA.png
11/20/2015  11:28 PM             1,662 1F4DB.png
11/20/2015  11:28 PM             1,297 1F4DC.png
11/20/2015  11:28 PM             2,127 1F4DD.png
11/20/2015  11:28 PM             1,774 1F4DE.png
11/20/2015  11:28 PM             1,013 1F4DF.png
11/20/2015  11:28 PM               987 1F4E0.png
11/20/2015  11:28 PM             2,662 1F4E1.png
11/20/2015  11:28 PM             2,119 1F4E2.png
11/20/2015  11:28 PM             1,134 1F4E3.png
11/20/2015  11:28 PM               796 1F4E4.png
11/20/2015  11:28 PM               774 1F4E5.png
11/20/2015  11:28 PM             2,021 1F4E6.png
11/20/2015  11:28 PM             1,703 1F4E7.png
11/20/2015  11:28 PM             1,548 1F4E8.png
11/20/2015  11:28 PM             2,151 1F4E9.png
11/20/2015  11:28 PM               823 1F4EA.png
11/20/2015  11:28 PM               836 1F4EB.png
11/20/2015  11:28 PM               868 1F4EC.png
11/20/2015  11:28 PM               809 1F4ED.png
11/20/2015  11:28 PM               942 1F4EE.png
11/20/2015  11:28 PM             1,867 1F4EF.png
11/20/2015  11:28 PM             2,741 1F4F0.png
11/20/2015  11:28 PM               874 1F4F1.png
11/20/2015  11:28 PM             1,242 1F4F2.png
11/20/2015  11:28 PM             1,408 1F4F3.png
11/20/2015  11:28 PM             1,223 1F4F4.png
11/20/2015  11:28 PM             1,923 1F4F5.png
11/20/2015  11:28 PM               975 1F4F6.png
11/20/2015  11:28 PM             1,607 1F4F7.png
11/20/2015  11:28 PM             2,184 1F4F8.png
11/20/2015  11:28 PM               906 1F4F9.png
11/20/2015  11:28 PM             1,661 1F4FA.png
11/20/2015  11:28 PM             1,628 1F4FB.png
11/20/2015  11:28 PM             1,165 1F4FC.png
11/20/2015  11:28 PM             3,118 1F4FD.png
11/20/2015  11:28 PM             2,571 1F4FE.png
11/20/2015  11:28 PM             1,548 1F500.png
11/20/2015  11:28 PM             1,459 1F501.png
11/20/2015  11:28 PM             1,578 1F502.png
11/20/2015  11:28 PM             1,353 1F503.png
11/20/2015  11:28 PM             1,482 1F504.png
11/20/2015  11:28 PM             1,407 1F505.png
11/20/2015  11:28 PM             1,607 1F506.png
11/20/2015  11:28 PM             2,662 1F507.png
11/20/2015  11:28 PM             2,119 1F508.png
11/20/2015  11:28 PM             1,878 1F509.png
11/20/2015  11:28 PM             2,331 1F50A.png
11/20/2015  11:28 PM               946 1F50B.png
11/20/2015  11:28 PM             1,480 1F50C.png
11/20/2015  11:28 PM             2,385 1F50D.png
11/20/2015  11:28 PM             2,407 1F50E.png
11/20/2015  11:28 PM             1,592 1F50F.png
11/20/2015  11:28 PM             1,563 1F510.png
11/20/2015  11:28 PM             1,260 1F511.png
11/20/2015  11:28 PM               780 1F512.png
11/20/2015  11:28 PM               653 1F513.png
11/20/2015  11:28 PM             1,844 1F514.png
11/20/2015  11:28 PM             2,414 1F515.png
11/20/2015  11:28 PM             1,924 1F516.png
11/20/2015  11:28 PM             1,634 1F517.png
11/20/2015  11:28 PM             1,423 1F518.png
11/20/2015  11:28 PM             1,268 1F519.png
11/20/2015  11:28 PM             1,452 1F51A.png
11/20/2015  11:28 PM             1,811 1F51B.png
11/20/2015  11:28 PM             1,715 1F51C.png
11/20/2015  11:28 PM               564 1F51D.png
11/20/2015  11:28 PM             2,569 1F51E.png
11/20/2015  11:28 PM             1,372 1F51F.png
11/20/2015  11:28 PM             1,760 1F520.png
11/20/2015  11:28 PM             1,718 1F521.png
11/20/2015  11:28 PM             1,360 1F522.png
11/20/2015  11:28 PM             1,763 1F523.png
11/20/2015  11:28 PM             1,502 1F524.png
11/20/2015  11:28 PM             1,906 1F525.png
11/20/2015  11:28 PM             1,373 1F526.png
11/20/2015  11:28 PM             1,546 1F527.png
11/20/2015  11:28 PM             1,612 1F528.png
11/20/2015  11:28 PM             1,162 1F529.png
11/20/2015  11:28 PM             1,426 1F52A.png
11/20/2015  11:28 PM             1,661 1F52B.png
11/20/2015  11:28 PM             1,945 1F52C.png
11/20/2015  11:28 PM             2,246 1F52D.png
11/20/2015  11:28 PM             2,148 1F52E.png
11/20/2015  11:28 PM             1,714 1F52F.png
11/20/2015  11:28 PM             1,307 1F530.png
11/20/2015  11:28 PM             2,153 1F531.png
11/20/2015  11:28 PM               576 1F532.png
11/20/2015  11:28 PM               526 1F533.png
11/20/2015  11:28 PM               976 1F534.png
11/20/2015  11:28 PM               985 1F535.png
11/20/2015  11:28 PM               259 1F536.png
11/20/2015  11:28 PM               251 1F537.png
11/20/2015  11:28 PM               799 1F538.png
11/20/2015  11:28 PM               775 1F539.png
11/20/2015  11:28 PM               870 1F53A.png
11/20/2015  11:28 PM               837 1F53B.png
11/20/2015  11:28 PM               825 1F53C.png
11/20/2015  11:28 PM               778 1F53D.png
11/20/2015  11:28 PM             1,117 1F546.png
11/20/2015  11:28 PM             1,169 1F547.png
11/20/2015  11:28 PM               955 1F548.png
11/20/2015  11:28 PM             2,831 1F549.png
11/20/2015  11:28 PM             2,134 1F54A.png
11/20/2015  11:28 PM             1,853 1F550.png
11/20/2015  11:28 PM             1,866 1F551.png
11/20/2015  11:28 PM             1,759 1F552.png
11/20/2015  11:28 PM             1,914 1F553.png
11/20/2015  11:28 PM             2,017 1F554.png
11/20/2015  11:28 PM             1,676 1F555.png
11/20/2015  11:28 PM             1,853 1F556.png
11/20/2015  11:28 PM             1,897 1F557.png
11/20/2015  11:28 PM             1,741 1F558.png
11/20/2015  11:28 PM             1,877 1F559.png
11/20/2015  11:28 PM             1,863 1F55A.png
11/20/2015  11:28 PM             1,890 1F55B.png
11/20/2015  11:28 PM             1,864 1F55C.png
11/20/2015  11:28 PM             1,733 1F55D.png
11/20/2015  11:28 PM             1,834 1F55E.png
11/20/2015  11:28 PM             1,920 1F55F.png
11/20/2015  11:28 PM             1,867 1F560.png
11/20/2015  11:28 PM             1,731 1F561.png
11/20/2015  11:28 PM             1,874 1F562.png
11/20/2015  11:28 PM             1,811 1F563.png
11/20/2015  11:28 PM             1,733 1F564.png
11/20/2015  11:28 PM             1,988 1F565.png
11/20/2015  11:28 PM             1,833 1F566.png
11/20/2015  11:28 PM             1,789 1F567.png
11/20/2015  11:28 PM             2,071 1F568.png
11/20/2015  11:28 PM             2,414 1F569.png
11/20/2015  11:28 PM             2,375 1F56A.png
11/20/2015  11:28 PM             2,224 1F56B.png
11/20/2015  11:28 PM             2,490 1F56C.png
11/20/2015  11:28 PM             2,765 1F56D.png
11/20/2015  11:28 PM             4,107 1F56E.png
11/20/2015  11:28 PM             1,870 1F56F.png
11/20/2015  11:28 PM             1,856 1F570.png
11/20/2015  11:28 PM             1,996 1F571.png
11/20/2015  11:28 PM             3,051 1F572.png
11/20/2015  11:28 PM               435 1F573.png
11/20/2015  11:28 PM             1,761 1F574.png
11/20/2015  11:28 PM             2,330 1F575.png
11/20/2015  11:28 PM             1,548 1F576.png
11/20/2015  11:28 PM             2,184 1F577.png
11/20/2015  11:28 PM             2,773 1F578.png
11/20/2015  11:28 PM             1,919 1F579.png
11/20/2015  11:28 PM             1,227 1F57B.png
11/20/2015  11:28 PM             1,424 1F57E.png
11/20/2015  11:28 PM             1,811 1F57F.png
11/20/2015  11:28 PM             1,640 1F581.png
11/20/2015  11:28 PM             1,516 1F582.png
11/20/2015  11:28 PM               504 1F583.png
11/20/2015  11:28 PM               829 1F585.png
11/20/2015  11:28 PM             1,559 1F586.png
11/20/2015  11:28 PM             3,222 1F587.png
11/20/2015  11:28 PM             1,761 1F588.png
11/20/2015  11:28 PM             1,772 1F589.png
11/20/2015  11:28 PM             1,628 1F58A.png
11/20/2015  11:28 PM             1,666 1F58B.png
11/20/2015  11:28 PM             1,080 1F58C.png
11/20/2015  11:28 PM             1,398 1F58D.png
11/20/2015  11:28 PM             2,433 1F58E.png
11/20/2015  11:28 PM             1,508 1F58F.png
11/20/2015  11:28 PM             1,539 1F590.png
11/20/2015  11:28 PM             1,487 1F591.png
11/20/2015  11:28 PM             1,222 1F592.png
11/20/2015  11:28 PM             1,253 1F593.png
11/20/2015  11:28 PM             1,254 1F594.png
11/20/2015  11:28 PM             1,673 1F595.png
11/20/2015  11:28 PM             1,757 1F596.png
11/20/2015  11:28 PM             1,495 1F597.png
11/20/2015  11:28 PM             1,122 1F598.png
11/20/2015  11:28 PM             1,118 1F599.png
11/20/2015  11:28 PM             1,264 1F59E.png
11/20/2015  11:28 PM             1,250 1F59F.png
11/20/2015  11:28 PM               779 1F5A5.png
11/20/2015  11:28 PM             2,068 1F5A6.png
11/20/2015  11:28 PM             1,834 1F5A7.png
11/20/2015  11:28 PM             1,203 1F5A8.png
11/20/2015  11:28 PM               637 1F5A9.png
11/20/2015  11:28 PM               640 1F5AA.png
11/20/2015  11:28 PM               522 1F5AB.png
11/20/2015  11:28 PM             1,536 1F5AD.png
11/20/2015  11:28 PM             1,422 1F5AE.png
11/20/2015  11:28 PM             1,093 1F5AF.png
11/20/2015  11:28 PM             2,125 1F5B2.png
11/20/2015  11:28 PM             1,253 1F5B3.png
11/20/2015  11:28 PM             3,293 1F5B4.png
11/20/2015  11:28 PM             1,378 1F5B8.png
11/20/2015  11:28 PM               810 1F5B9.png
11/20/2015  11:28 PM             1,989 1F5BC.png
11/20/2015  11:28 PM             1,478 1F5BD.png
11/20/2015  11:28 PM             1,504 1F5BE.png
11/20/2015  11:28 PM               330 1F5C0.png
11/20/2015  11:28 PM               675 1F5C1.png
11/20/2015  11:28 PM               565 1F5C2.png
11/20/2015  11:28 PM             1,905 1F5C3.png
11/20/2015  11:28 PM               572 1F5C4.png
11/20/2015  11:28 PM             1,199 1F5C6.png
11/20/2015  11:28 PM             2,201 1F5C7.png
11/20/2015  11:28 PM             2,317 1F5C9.png
11/20/2015  11:28 PM             3,120 1F5CA.png
11/20/2015  11:28 PM             1,034 1F5CE.png
11/20/2015  11:28 PM               828 1F5CF.png
11/20/2015  11:28 PM             1,494 1F5D0.png
11/20/2015  11:28 PM             2,983 1F5D1.png
11/20/2015  11:28 PM             1,159 1F5D2.png
11/20/2015  11:28 PM             1,131 1F5D3.png
11/20/2015  11:28 PM               878 1F5D4.png
11/20/2015  11:28 PM             1,575 1F5D8.png
11/20/2015  11:28 PM               777 1F5D9.png
11/20/2015  11:28 PM             1,979 1F5DC.png
11/20/2015  11:28 PM             1,252 1F5DD.png
11/20/2015  11:28 PM             2,746 1F5DE.png
11/20/2015  11:28 PM             1,748 1F5E0.png
11/20/2015  11:28 PM             1,602 1F5E1.png
11/20/2015  11:28 PM             1,214 1F5E2.png
11/20/2015  11:28 PM             1,305 1F5E3.png
11/20/2015  11:28 PM               697 1F5E8.png
11/20/2015  11:28 PM               945 1F5E9.png
11/20/2015  11:28 PM             1,205 1F5EA.png
11/20/2015  11:28 PM             1,360 1F5EB.png
11/20/2015  11:28 PM             1,003 1F5EC.png
11/20/2015  11:28 PM               998 1F5ED.png
11/20/2015  11:28 PM             1,236 1F5EE.png
11/20/2015  11:28 PM             1,220 1F5EF.png
11/20/2015  11:28 PM               987 1F5F0.png
11/20/2015  11:28 PM             1,543 1F5F1.png
11/20/2015  11:28 PM               984 1F5F2.png
11/20/2015  11:28 PM             2,371 1F5F3.png
11/20/2015  11:28 PM             1,526 1F5F4.png
11/20/2015  11:28 PM             1,739 1F5F5.png
11/20/2015  11:28 PM             1,047 1F5F8.png
11/20/2015  11:28 PM             1,336 1F5F9.png
11/20/2015  11:28 PM             2,473 1F5FA.png
11/20/2015  11:28 PM             1,484 1F5FB.png
11/20/2015  11:28 PM             1,288 1F5FC.png
11/20/2015  11:28 PM             1,370 1F5FD.png
11/20/2015  11:28 PM             1,468 1F5FE.png
11/20/2015  11:28 PM             1,909 1F5FF.png
11/20/2015  11:28 PM             2,255 1F600.png
11/20/2015  11:28 PM             2,001 1F601.png
11/20/2015  11:28 PM             2,673 1F602.png
11/20/2015  11:28 PM             2,473 1F603.png
11/20/2015  11:28 PM             1,997 1F604.png
11/20/2015  11:28 PM             2,188 1F605.png
11/20/2015  11:28 PM             2,047 1F606.png
11/20/2015  11:28 PM             2,466 1F607.png
11/20/2015  11:28 PM             2,408 1F608.png
11/20/2015  11:28 PM             2,184 1F609.png
11/20/2015  11:28 PM             2,066 1F60A.png
11/20/2015  11:28 PM             2,111 1F60B.png
11/20/2015  11:28 PM             1,732 1F60C.png
11/20/2015  11:28 PM             2,295 1F60D.png
11/20/2015  11:28 PM             2,472 1F60E.png
11/20/2015  11:28 PM             2,071 1F60F.png
11/20/2015  11:28 PM             1,763 1F610.png
11/20/2015  11:28 PM             1,291 1F611.png
11/20/2015  11:28 PM             2,061 1F612.png
11/20/2015  11:28 PM             1,830 1F613.png
11/20/2015  11:28 PM             1,809 1F614.png
11/20/2015  11:28 PM             2,073 1F615.png
11/20/2015  11:28 PM             2,350 1F616.png
11/20/2015  11:28 PM             2,064 1F617.png
11/20/2015  11:28 PM             2,511 1F618.png
11/20/2015  11:28 PM             1,677 1F619.png
11/20/2015  11:28 PM             2,249 1F61A.png
11/20/2015  11:28 PM             2,398 1F61B.png
11/20/2015  11:28 PM             2,367 1F61C.png
11/20/2015  11:28 PM             2,480 1F61D.png
11/20/2015  11:28 PM             1,518 1F61E.png
11/20/2015  11:28 PM             2,535 1F61F.png
11/20/2015  11:28 PM             2,315 1F620.png
11/20/2015  11:28 PM             2,361 1F621.png
11/20/2015  11:28 PM             2,920 1F622.png
11/20/2015  11:28 PM             2,073 1F623.png
11/20/2015  11:28 PM             2,819 1F624.png
11/20/2015  11:28 PM             2,688 1F625.png
11/20/2015  11:28 PM             1,931 1F626.png
11/20/2015  11:28 PM             2,554 1F627.png
11/20/2015  11:28 PM             2,313 1F628.png
11/20/2015  11:28 PM             2,251 1F629.png
11/20/2015  11:28 PM             2,430 1F62A.png
11/20/2015  11:28 PM             2,406 1F62B.png
11/20/2015  11:28 PM             2,264 1F62C.png
11/20/2015  11:28 PM             2,850 1F62D.png
11/20/2015  11:28 PM             1,952 1F62E.png
11/20/2015  11:28 PM             2,503 1F62F.png
11/20/2015  11:28 PM             2,366 1F630.png
11/20/2015  11:28 PM             2,777 1F631.png
11/20/2015  11:28 PM             2,206 1F632.png
11/20/2015  11:28 PM             2,712 1F633.png
11/20/2015  11:28 PM             2,326 1F634.png
11/20/2015  11:28 PM             1,946 1F635.png
11/20/2015  11:28 PM             1,713 1F636.png
11/20/2015  11:28 PM             2,188 1F637.png
11/20/2015  11:28 PM             3,141 1F638.png
11/20/2015  11:28 PM             3,538 1F639.png
11/20/2015  11:28 PM             3,557 1F63A.png
11/20/2015  11:28 PM             3,430 1F63B.png
11/20/2015  11:28 PM             3,727 1F63C.png
11/20/2015  11:28 PM             3,165 1F63D.png
11/20/2015  11:28 PM             3,013 1F63E.png
11/20/2015  11:28 PM             3,727 1F63F.png
11/20/2015  11:28 PM             4,005 1F640.png
11/20/2015  11:28 PM             1,926 1F641.png
11/20/2015  11:28 PM             2,002 1F642.png
11/20/2015  11:28 PM             3,133 1F645.png
11/20/2015  11:28 PM             3,833 1F646.png
11/20/2015  11:28 PM             2,416 1F647.png
11/20/2015  11:28 PM             2,829 1F648.png
11/20/2015  11:28 PM             3,411 1F649.png
11/20/2015  11:28 PM             3,218 1F64A.png
11/20/2015  11:28 PM             3,497 1F64B.png
11/20/2015  11:28 PM             2,568 1F64C.png
11/20/2015  11:28 PM             2,884 1F64D.png
11/20/2015  11:28 PM             2,826 1F64E.png
11/20/2015  11:28 PM             1,502 1F64F.png
11/20/2015  11:28 PM             2,656 1F680.png
11/20/2015  11:28 PM             1,653 1F681.png
11/20/2015  11:28 PM             1,978 1F682.png
11/20/2015  11:28 PM             1,636 1F683.png
11/20/2015  11:28 PM             1,699 1F684.png
11/20/2015  11:28 PM             1,626 1F685.png
11/20/2015  11:28 PM             2,622 1F686.png
11/20/2015  11:28 PM             1,877 1F687.png
11/20/2015  11:28 PM             1,091 1F688.png
11/20/2015  11:28 PM             2,338 1F689.png
11/20/2015  11:28 PM             2,343 1F68A.png
11/20/2015  11:28 PM             1,220 1F68B.png
11/20/2015  11:28 PM             2,660 1F68C.png
11/20/2015  11:28 PM             1,268 1F68D.png
11/20/2015  11:28 PM             2,032 1F68E.png
11/20/2015  11:28 PM             1,566 1F68F.png
11/20/2015  11:28 PM             2,543 1F690.png
11/20/2015  11:28 PM             2,293 1F691.png
11/20/2015  11:28 PM             1,695 1F692.png
11/20/2015  11:28 PM             2,249 1F693.png
11/20/2015  11:28 PM             1,886 1F694.png
11/20/2015  11:28 PM             2,469 1F695.png
11/20/2015  11:28 PM             1,978 1F696.png
11/20/2015  11:28 PM             2,216 1F697.png
11/20/2015  11:28 PM             1,986 1F698.png
11/20/2015  11:28 PM             2,239 1F699.png
11/20/2015  11:28 PM             2,227 1F69A.png
11/20/2015  11:28 PM             2,279 1F69B.png
11/20/2015  11:28 PM             3,051 1F69C.png
11/20/2015  11:28 PM               998 1F69D.png
11/20/2015  11:28 PM             1,802 1F69E.png
11/20/2015  11:28 PM             1,056 1F69F.png
11/20/2015  11:28 PM             1,520 1F6A0.png
11/20/2015  11:28 PM               993 1F6A1.png
11/20/2015  11:28 PM               765 1F6A2.png
11/20/2015  11:28 PM             1,396 1F6A3.png
11/20/2015  11:28 PM             1,248 1F6A4.png
11/20/2015  11:28 PM             1,755 1F6A5.png
11/20/2015  11:28 PM             1,856 1F6A6.png
11/20/2015  11:28 PM             1,545 1F6A7.png
11/20/2015  11:28 PM             3,086 1F6A8.png
11/20/2015  11:28 PM               407 1F6A9.png
11/20/2015  11:28 PM               765 1F6AA.png
11/20/2015  11:28 PM             2,126 1F6AB.png
11/20/2015  11:28 PM             1,183 1F6AC.png
11/20/2015  11:28 PM             1,394 1F6AD.png
11/20/2015  11:28 PM             1,196 1F6AE.png
11/20/2015  11:28 PM             2,115 1F6AF.png
11/20/2015  11:28 PM             1,431 1F6B0.png
11/20/2015  11:28 PM             2,254 1F6B1.png
11/20/2015  11:28 PM             2,300 1F6B2.png
11/20/2015  11:28 PM             2,663 1F6B3.png
11/20/2015  11:28 PM             1,714 1F6B4.png
11/20/2015  11:28 PM             2,015 1F6B5.png
11/20/2015  11:28 PM             1,132 1F6B6.png
11/20/2015  11:28 PM             2,290 1F6B7.png
11/20/2015  11:28 PM               761 1F6B8.png
11/20/2015  11:28 PM               943 1F6B9.png
11/20/2015  11:28 PM             1,077 1F6BA.png
11/20/2015  11:28 PM             1,580 1F6BB.png
11/20/2015  11:28 PM             1,162 1F6BC.png
11/20/2015  11:28 PM             1,355 1F6BD.png
11/20/2015  11:28 PM             1,639 1F6BE.png
11/20/2015  11:28 PM             2,117 1F6BF.png
11/20/2015  11:28 PM             2,289 1F6C0.png
11/20/2015  11:28 PM             1,632 1F6C1.png
11/20/2015  11:28 PM             1,617 1F6C2.png
11/20/2015  11:28 PM             1,596 1F6C3.png
11/20/2015  11:28 PM               751 1F6C4.png
11/20/2015  11:28 PM               952 1F6C5.png
11/20/2015  11:28 PM             1,202 1F6C6.png
11/20/2015  11:28 PM             1,502 1F6C7.png
11/20/2015  11:28 PM             1,655 1F6C8.png
11/20/2015  11:28 PM             1,118 1F6C9.png
11/20/2015  11:28 PM             1,172 1F6CA.png
11/20/2015  11:28 PM             2,888 1F6CB.png
11/20/2015  11:28 PM               710 1F6CC.png
11/20/2015  11:28 PM             4,175 1F6CD.png
11/20/2015  11:28 PM             2,598 1F6CE.png
11/20/2015  11:28 PM             2,764 1F6CF.png
11/20/2015  11:28 PM             2,844 1F6E0.png
11/20/2015  11:28 PM               523 1F6E1.png
11/20/2015  11:28 PM             1,982 1F6E2.png
11/20/2015  11:28 PM             1,470 1F6E3.png
11/20/2015  11:28 PM             2,714 1F6E4.png
11/20/2015  11:28 PM               866 1F6E5.png
11/20/2015  11:28 PM             2,017 1F6E6.png
11/20/2015  11:28 PM             2,031 1F6E7.png
11/20/2015  11:28 PM             1,898 1F6E8.png
11/20/2015  11:28 PM             1,910 1F6E9.png
11/20/2015  11:28 PM             2,135 1F6EA.png
11/20/2015  11:28 PM             2,127 1F6EB.png
11/20/2015  11:28 PM             2,355 1F6EC.png
11/20/2015  11:28 PM             3,871 1F6F0.png
11/20/2015  11:28 PM             1,984 1F6F1.png
11/20/2015  11:28 PM             1,953 1F6F2.png
11/20/2015  11:28 PM             2,283 1F6F3.png
11/20/2015  11:28 PM             1,229 203C.png
11/20/2015  11:28 PM             1,682 2049.png
11/20/2015  11:28 PM             1,013 2122.png
11/20/2015  11:28 PM               704 2139.png
11/20/2015  11:28 PM               977 2194.png
11/20/2015  11:28 PM             1,005 2195.png
11/20/2015  11:28 PM               990 2196.png
11/20/2015  11:28 PM               957 2197.png
11/20/2015  11:28 PM               932 2198.png
11/20/2015  11:28 PM               955 2199.png
11/20/2015  11:28 PM             1,079 21A9.png
11/20/2015  11:28 PM             1,153 21AA.png
11/20/2015  11:28 PM             1,540 231A.png
11/20/2015  11:28 PM             1,684 231B.png
11/20/2015  11:28 PM               944 23E9.png
11/20/2015  11:28 PM               966 23EA.png
11/20/2015  11:28 PM               955 23EB.png
11/20/2015  11:28 PM               994 23EC.png
11/20/2015  11:28 PM             2,412 23F0.png
11/20/2015  11:28 PM             1,612 23F3.png
11/20/2015  11:28 PM             2,025 24C2.png
11/20/2015  11:28 PM               234 25AA.png
11/20/2015  11:28 PM               225 25AB.png
11/20/2015  11:28 PM               755 25B6.png
11/20/2015  11:28 PM               814 25C0.png
11/20/2015  11:28 PM               315 25FB.png
11/20/2015  11:28 PM               335 25FC.png
11/20/2015  11:28 PM               274 25FD.png
11/20/2015  11:28 PM               220 25FE.png
11/20/2015  11:28 PM             1,733 2600.png
11/20/2015  11:28 PM             1,055 2601.png
11/20/2015  11:28 PM             2,335 260E.png
11/20/2015  11:28 PM             1,017 2611.png
11/20/2015  11:28 PM             2,019 2614.png
11/20/2015  11:28 PM             3,002 2615.png
11/20/2015  11:28 PM             1,581 261D.png
11/20/2015  11:28 PM             2,350 263A.png
11/20/2015  11:28 PM             1,911 2648.png
11/20/2015  11:28 PM             1,932 2649.png
11/20/2015  11:28 PM             1,520 264A.png
11/20/2015  11:28 PM             2,441 264B.png
11/20/2015  11:28 PM             1,879 264C.png
11/20/2015  11:28 PM             2,093 264D.png
11/20/2015  11:28 PM             1,701 264E.png
11/20/2015  11:28 PM             1,359 264F.png
11/20/2015  11:28 PM               906 2650.png
11/20/2015  11:28 PM             1,410 2651.png
11/20/2015  11:28 PM             1,598 2652.png
11/20/2015  11:28 PM             1,405 2653.png
11/20/2015  11:28 PM             1,071 2660.png
11/20/2015  11:28 PM             1,151 2663.png
11/20/2015  11:28 PM             1,067 2665.png
11/20/2015  11:28 PM               719 2666.png
11/20/2015  11:28 PM             2,577 2668.png
11/20/2015  11:28 PM             2,009 267B.png
11/20/2015  11:28 PM             1,377 267F.png
11/20/2015  11:28 PM             2,074 2693.png
11/20/2015  11:28 PM             1,360 26A0.png
11/20/2015  11:28 PM               706 26A1.png
11/20/2015  11:28 PM               839 26AA.png
11/20/2015  11:28 PM               976 26AB.png
11/20/2015  11:28 PM             1,991 26BD.png
11/20/2015  11:28 PM             2,723 26BE.png
11/20/2015  11:28 PM             2,380 26C4.png
11/20/2015  11:28 PM             1,407 26C5.png
11/20/2015  11:28 PM             1,262 26CE.png
11/20/2015  11:28 PM             1,496 26D4.png
11/20/2015  11:28 PM             1,931 26EA.png
11/20/2015  11:28 PM             1,706 26F2.png
11/20/2015  11:28 PM             1,809 26F3.png
11/20/2015  11:28 PM             2,353 26F5.png
11/20/2015  11:28 PM             2,461 26FA.png
11/20/2015  11:28 PM             2,054 26FD.png
11/20/2015  11:28 PM             2,598 2702.png
11/20/2015  11:28 PM               984 2705.png
11/20/2015  11:28 PM             2,874 2708.png
11/20/2015  11:28 PM             1,628 2709.png
11/20/2015  11:28 PM             1,984 270A.png
11/20/2015  11:28 PM               756 270B.png
11/20/2015  11:28 PM             1,702 270C.png
11/20/2015  11:28 PM             1,830 270F.png
11/20/2015  11:28 PM             1,682 2712.png
11/20/2015  11:28 PM             1,066 2714.png
11/20/2015  11:28 PM               940 2716.png
11/20/2015  11:28 PM             1,627 2728.png
11/20/2015  11:28 PM             1,663 2733.png
11/20/2015  11:28 PM             1,404 2734.png
11/20/2015  11:28 PM             2,545 2744.png
11/20/2015  11:28 PM             2,226 2747.png
11/20/2015  11:28 PM               448 274C.png
11/20/2015  11:28 PM               950 274E.png
11/20/2015  11:28 PM             1,126 2753.png
11/20/2015  11:28 PM             1,002 2754.png
11/20/2015  11:28 PM               666 2755.png
11/20/2015  11:28 PM               737 2757.png
11/20/2015  11:28 PM             1,236 2764.png
11/20/2015  11:28 PM               400 2795.png
11/20/2015  11:28 PM               324 2796.png
11/20/2015  11:28 PM               704 2797.png
11/20/2015  11:28 PM               946 27A1.png
11/20/2015  11:28 PM             1,360 27B0.png
11/20/2015  11:28 PM             1,394 27BF.png
11/20/2015  11:28 PM               940 2934.png
11/20/2015  11:28 PM             1,019 2935.png
11/20/2015  11:28 PM               937 2B05.png
11/20/2015  11:28 PM               973 2B06.png
11/20/2015  11:28 PM               947 2B07.png
11/20/2015  11:28 PM               311 2B1B.png
11/20/2015  11:28 PM               318 2B1C.png
11/20/2015  11:28 PM             1,637 2B50.png
11/20/2015  11:28 PM             2,049 2B55.png
11/20/2015  11:28 PM               404 3030.png
11/20/2015  11:28 PM             1,165 303D.png
11/20/2015  11:28 PM             2,110 3297.png
11/20/2015  11:28 PM             2,603 3299.png
11/20/2015  11:29 PM         2,391,178 emojione.sprites.png
            1263 File(s)      4,617,657 bytes
               0 Dir(s)  248,184,692,736 bytes free
